Using pre-set license
Built from '2020.3/staging' branch; Version is '2020.3.19f1 (68f137dc9bbe) revision 6877495'; Using compiler version '192528614'; Build Type 'Release'
OS: 'Windows 10 Pro; OS build 19043.1415; Version 2009; 64bit' Language: 'en' Physical Memory: 8161 MB
BatchMode: 1, IsHumanControllingUs: 0, StartBugReporterOnCrash: 0, Is64bit: 1, IsPro: 0

COMMAND LINE ARGUMENTS:
C:\Program Files\Unity\Hub\Editor\2020.3.19f1\Editor\Unity.exe
-adb2
-batchMode
-noUpm
-name
AssetImportWorker2
-projectPath
D:/Unity Projects/Turtle
-logFile
Logs/AssetImportWorker2.log
-srvPort
50801
Successfully changed project path to: D:/Unity Projects/Turtle
D:/Unity Projects/Turtle
Using Asset Import Pipeline V2.
Assets/Models/Lowturtle/lowturtle.c4d: Unity no longer supports importing Cinema 4D files directly, but we're working with Maxon to make the experience better. To import Cinema 4D files, install Maxon's external importer. You can find more information on the Unity Forum: https://on.unity.com/c4d.

Please note that FBX files exported from Cinema4D are still supported.
Refreshing native plugins compatible for Editor in 41.69 ms, found 2 plugins.
Preloading 0 native plugins for Editor in 0.00 ms.
Initialize engine version: 2020.3.19f1 (68f137dc9bbe)
[Subsystems] Discovering subsystems at path C:/Program Files/Unity/Hub/Editor/2020.3.19f1/Editor/Data/Resources/UnitySubsystems
[Subsystems] Discovering subsystems at path D:/Unity Projects/Turtle/Assets
GfxDevice: creating device client; threaded=0
Direct3D:
    Version:  Direct3D 11.0 [level 11.0]
    Renderer: NVIDIA GeForce GTX 750 Ti (ID=0x1380)
    Vendor:   
    VRAM:     2007 MB
    Driver:   30.0.14.9613
Initialize mono
Mono path[0] = 'C:/Program Files/Unity/Hub/Editor/2020.3.19f1/Editor/Data/Managed'
Mono path[1] = 'C:/Program Files/Unity/Hub/Editor/2020.3.19f1/Editor/Data/MonoBleedingEdge/lib/mono/unityjit'
Mono config path = 'C:/Program Files/Unity/Hub/Editor/2020.3.19f1/Editor/Data/MonoBleedingEdge/etc'
Using monoOptions --debugger-agent=transport=dt_socket,embedding=1,server=y,suspend=n,address=127.0.0.1:56096
Begin MonoManager ReloadAssembly
Registering precompiled unity dll's ...
Register platform support module: C:/Program Files/Unity/Hub/Editor/2020.3.19f1/Editor/Data/PlaybackEngines/WindowsStandaloneSupport/UnityEditor.WindowsStandalone.Extensions.dll
Registered in 0.002854 seconds.
Native extension for WindowsStandalone target not found
Assets/Models/Lowturtle/lowturtle.c4d: Unity no longer supports importing Cinema 4D files directly, but we're working with Maxon to make the experience better. To import Cinema 4D files, install Maxon's external importer. You can find more information on the Unity Forum: https://on.unity.com/c4d.

Please note that FBX files exported from Cinema4D are still supported.
Refreshing native plugins compatible for Editor in 41.24 ms, found 2 plugins.
Preloading 0 native plugins for Editor in 0.00 ms.
Mono: successfully reloaded assembly
- Completed reload, in  2.499 seconds
Domain Reload Profiling:
	ReloadAssembly (2499ms)
		BeginReloadAssembly (79ms)
			ExecutionOrderSort (0ms)
			DisableScriptedObjects (0ms)
			BackupInstance (0ms)
			ReleaseScriptingObjects (0ms)
			CreateAndSetChildDomain (1ms)
		EndReloadAssembly (542ms)
			LoadAssemblies (75ms)
			RebuildTransferFunctionScriptingTraits (0ms)
			SetupTypeCache (202ms)
			ReleaseScriptCaches (0ms)
			RebuildScriptCaches (43ms)
			SetupLoadedEditorAssemblies (206ms)
				LogAssemblyErrors (0ms)
				InitializePlatformSupportModulesInManaged (5ms)
				SetLoadedEditorAssemblies (0ms)
				RefreshPlugins (41ms)
				BeforeProcessingInitializeOnLoad (21ms)
				ProcessInitializeOnLoadAttributes (102ms)
				ProcessInitializeOnLoadMethodAttributes (35ms)
				AfterProcessingInitializeOnLoad (0ms)
				EditorAssembliesLoaded (0ms)
			ExecutionOrderSort2 (0ms)
			AwakeInstancesAfterBackupRestoration (0ms)
Platform modules already initialized, skipping
Registering precompiled user dll's ...
Registered in 0.002371 seconds.
Begin MonoManager ReloadAssembly
Native extension for WindowsStandalone target not found
Refreshing native plugins compatible for Editor in 0.45 ms, found 2 plugins.
Preloading 0 native plugins for Editor in 0.00 ms.
Mono: successfully reloaded assembly
- Completed reload, in  1.277 seconds
Domain Reload Profiling:
	ReloadAssembly (1278ms)
		BeginReloadAssembly (181ms)
			ExecutionOrderSort (0ms)
			DisableScriptedObjects (6ms)
			BackupInstance (0ms)
			ReleaseScriptingObjects (0ms)
			CreateAndSetChildDomain (23ms)
		EndReloadAssembly (1008ms)
			LoadAssemblies (113ms)
			RebuildTransferFunctionScriptingTraits (0ms)
			SetupTypeCache (333ms)
			ReleaseScriptCaches (0ms)
			RebuildScriptCaches (53ms)
			SetupLoadedEditorAssemblies (392ms)
				LogAssemblyErrors (0ms)
				InitializePlatformSupportModulesInManaged (6ms)
				SetLoadedEditorAssemblies (1ms)
				RefreshPlugins (1ms)
				BeforeProcessingInitializeOnLoad (95ms)
				ProcessInitializeOnLoadAttributes (276ms)
				ProcessInitializeOnLoadMethodAttributes (5ms)
				AfterProcessingInitializeOnLoad (8ms)
				EditorAssembliesLoaded (0ms)
			ExecutionOrderSort2 (0ms)
			AwakeInstancesAfterBackupRestoration (8ms)
Platform modules already initialized, skipping
Assets/Models/Lowturtle/lowturtle.c4d: Unity no longer supports importing Cinema 4D files directly, but we're working with Maxon to make the experience better. To import Cinema 4D files, install Maxon's external importer. You can find more information on the Unity Forum: https://on.unity.com/c4d.

Please note that FBX files exported from Cinema4D are still supported.
========================================================================
Worker process is ready to serve import requests
Assets/Models/Lowturtle/lowturtle.c4d: Unity no longer supports importing Cinema 4D files directly, but we're working with Maxon to make the experience better. To import Cinema 4D files, install Maxon's external importer. You can find more information on the Unity Forum: https://on.unity.com/c4d.

Please note that FBX files exported from Cinema4D are still supported.
Launched and connected shader compiler UnityShaderCompiler.exe after 0.20 seconds
Refreshing native plugins compatible for Editor in 0.39 ms, found 2 plugins.
Preloading 0 native plugins for Editor in 0.00 ms.
Unloading 1409 Unused Serialized files (Serialized files now loaded: 0)
System memory in use before: 66.6 MB.
System memory in use after: 66.7 MB.

Unloading 16 unused Assets to reduce memory usage. Loaded Objects now: 1846.
Total: 3.349800 ms (FindLiveObjects: 0.166900 ms CreateObjectMapping: 0.060000 ms MarkObjects: 3.030200 ms  DeleteObjects: 0.090700 ms)

AssetImportParameters requested are different than current active one (requested -> active):
  custom:framework-win-MediaFoundation: 216162199b28c13a410421893ffa2e32 -> 
  custom:video-decoder-ogg-theora: a1e56fd34408186e4bbccfd4996cb3dc -> 
  custom:container-muxer-webm: aa71ff27fc2769a1b78a27578f13a17b -> 
  custom:container-demuxer-webm: 4f35f7cbe854078d1ac9338744f61a02 -> 
  custom:container-demuxer-ogg: 62fdf1f143b41e24485cea50d1cbac27 -> 
  custom:video-encoder-webm-vp8: eb34c28f22e8b96e1ab97ce403110664 -> 
  custom:video-decoder-webm-vp8: 9c59270c3fd7afecdb556c50c9e8de78 -> 
  custom:audio-decoder-ogg-vorbis: bf7c407c2cedff20999df2af8eb42d56 -> 
  custom:audio-encoder-webm-vorbis: bf7c407c2cedff20999df2af8eb42d56 -> 
========================================================================
Received Import Request.
  path: Assets/Models/Okyanus/Water4Example (Simple).prefab
  artifactKey: Guid(c9146fa35548571449b0681b4ee7d0c3) Importer(815301076,1909f56bfc062723c751e8b465ee728b)
Start importing Assets/Models/Okyanus/Water4Example (Simple).prefab using Guid(c9146fa35548571449b0681b4ee7d0c3) Importer(815301076,1909f56bfc062723c751e8b465ee728b)  -> (artifact id: '1128c2e04dd442bf441d4574c87880ec') in 0.351372 seconds 
  Import took 0.375799 seconds .

========================================================================
Received Import Request.
  Time since last request: 0.000292 seconds.
  path: Assets/Prefabs/Tile_3.prefab
  artifactKey: Guid(b0a6e26d395c9dc41a13d9f16b0a58ab) Importer(815301076,1909f56bfc062723c751e8b465ee728b)
Start importing Assets/Prefabs/Tile_3.prefab using Guid(b0a6e26d395c9dc41a13d9f16b0a58ab) Importer(815301076,1909f56bfc062723c751e8b465ee728b)  -> (artifact id: '5bde05ee248a1902e8bea68f0e5210d4') in 1.863026 seconds 
  Import took 1.905806 seconds .

========================================================================
Received Import Request.
  Time since last request: 0.000233 seconds.
  path: Assets/Models/Okyanus/Water4Example (Advanced).prefab
  artifactKey: Guid(9c846a7527cc57d4b9c7f2456373fda6) Importer(815301076,1909f56bfc062723c751e8b465ee728b)
Start importing Assets/Models/Okyanus/Water4Example (Advanced).prefab using Guid(9c846a7527cc57d4b9c7f2456373fda6) Importer(815301076,1909f56bfc062723c751e8b465ee728b)  -> (artifact id: '58f72dd6f438b94b25701f1aba249681') in 0.024564 seconds 
  Import took 0.035283 seconds .

========================================================================
Received Prepare
Assets/Models/Lowturtle/lowturtle.c4d: Unity no longer supports importing Cinema 4D files directly, but we're working with Maxon to make the experience better. To import Cinema 4D files, install Maxon's external importer. You can find more information on the Unity Forum: https://on.unity.com/c4d.

Please note that FBX files exported from Cinema4D are still supported.
Registering precompiled user dll's ...
Registered in 0.002259 seconds.
Begin MonoManager ReloadAssembly
Native extension for WindowsStandalone target not found
Refreshing native plugins compatible for Editor in 0.40 ms, found 2 plugins.
Preloading 0 native plugins for Editor in 0.00 ms.
Mono: successfully reloaded assembly
- Completed reload, in  1.199 seconds
Domain Reload Profiling:
	ReloadAssembly (1199ms)
		BeginReloadAssembly (134ms)
			ExecutionOrderSort (0ms)
			DisableScriptedObjects (6ms)
			BackupInstance (0ms)
			ReleaseScriptingObjects (0ms)
			CreateAndSetChildDomain (39ms)
		EndReloadAssembly (985ms)
			LoadAssemblies (105ms)
			RebuildTransferFunctionScriptingTraits (0ms)
			SetupTypeCache (344ms)
			ReleaseScriptCaches (1ms)
			RebuildScriptCaches (48ms)
			SetupLoadedEditorAssemblies (359ms)
				LogAssemblyErrors (0ms)
				InitializePlatformSupportModulesInManaged (6ms)
				SetLoadedEditorAssemblies (1ms)
				RefreshPlugins (0ms)
				BeforeProcessingInitializeOnLoad (87ms)
				ProcessInitializeOnLoadAttributes (252ms)
				ProcessInitializeOnLoadMethodAttributes (5ms)
				AfterProcessingInitializeOnLoad (8ms)
				EditorAssembliesLoaded (0ms)
			ExecutionOrderSort2 (0ms)
			AwakeInstancesAfterBackupRestoration (8ms)
Platform modules already initialized, skipping
Switching build target platform(19) subTarget(0) extendedPlatform(0) -> platform(13) subTarget(537395200) extendedPlatform(0)
Refreshing native plugins compatible for Editor in 0.40 ms, found 2 plugins.
Preloading 0 native plugins for Editor in 0.00 ms.
Unloading 1399 Unused Serialized files (Serialized files now loaded: 0)
System memory in use before: 69.3 MB.
System memory in use after: 69.5 MB.

Unloading 16 unused Assets to reduce memory usage. Loaded Objects now: 1852.
Total: 3.409700 ms (FindLiveObjects: 0.188400 ms CreateObjectMapping: 0.106600 ms MarkObjects: 3.090100 ms  DeleteObjects: 0.022900 ms)

AssetImportParameters requested are different than current active one (requested -> active):
  custom:framework-win-MediaFoundation: 216162199b28c13a410421893ffa2e32 -> 
  custom:video-decoder-ogg-theora: a1e56fd34408186e4bbccfd4996cb3dc -> 
  custom:container-muxer-webm: aa71ff27fc2769a1b78a27578f13a17b -> 
  custom:container-demuxer-webm: 4f35f7cbe854078d1ac9338744f61a02 -> 
  custom:container-demuxer-ogg: 62fdf1f143b41e24485cea50d1cbac27 -> 
  custom:video-encoder-webm-vp8: eb34c28f22e8b96e1ab97ce403110664 -> 
  custom:video-decoder-webm-vp8: 9c59270c3fd7afecdb556c50c9e8de78 -> 
  custom:graphics/normal-map-encoding: 01000000000000000000000000000000 -> 02000000000000000000000000000000
  custom:audio-decoder-ogg-vorbis: bf7c407c2cedff20999df2af8eb42d56 -> 
  custom:audio-encoder-webm-vorbis: bf7c407c2cedff20999df2af8eb42d56 -> 
========================================================================
Received Import Request.
  Time since last request: 482.487353 seconds.
  path: Assets/Prefabs/Tile_3 1.prefab
  artifactKey: Guid(d26c9963cad56bf4ea024cb1b27c50d6) Importer(815301076,1909f56bfc062723c751e8b465ee728b)
Start importing Assets/Prefabs/Tile_3 1.prefab using Guid(d26c9963cad56bf4ea024cb1b27c50d6) Importer(815301076,1909f56bfc062723c751e8b465ee728b)  -> (artifact id: '58fdf32e94bce9feed5483ab28012398') in 0.956842 seconds 
  Import took 0.965039 seconds .

========================================================================
Received Import Request.
  Time since last request: 448.751644 seconds.
  path: Assets/A.U.R.W 2021/Prefabs
  artifactKey: Guid(bdc16aeb50f843548a5be71549c54b1f) Importer(815301076,1909f56bfc062723c751e8b465ee728b)
Start importing Assets/A.U.R.W 2021/Prefabs using Guid(bdc16aeb50f843548a5be71549c54b1f) Importer(815301076,1909f56bfc062723c751e8b465ee728b)  -> (artifact id: 'e40cd7f40e90cddf860aa0524c654bf9') in 0.007463 seconds 
  Import took 0.011082 seconds .

========================================================================
Received Import Request.
  Time since last request: 124.604647 seconds.
  path: Assets/A.U.R.W 2021/Materials/Simples/UnderWater
  artifactKey: Guid(037f99119c50e794e88c88a22cd545d0) Importer(815301076,1909f56bfc062723c751e8b465ee728b)
Start importing Assets/A.U.R.W 2021/Materials/Simples/UnderWater using Guid(037f99119c50e794e88c88a22cd545d0) Importer(815301076,1909f56bfc062723c751e8b465ee728b)  -> (artifact id: 'fb4da4e779d59ad4f8c471c19c672027') in 0.007285 seconds 
  Import took 0.010994 seconds .

========================================================================
Received Import Request.
  Time since last request: 28.634941 seconds.
  path: Assets/A.U.R.W 2021/Resources/Textures/Normals/WaterTexture.png
  artifactKey: Guid(d77a62e4e2a329247848f94f98728442) Importer(815301076,1909f56bfc062723c751e8b465ee728b)
Start importing Assets/A.U.R.W 2021/Resources/Textures/Normals/WaterTexture.png using Guid(d77a62e4e2a329247848f94f98728442) Importer(815301076,1909f56bfc062723c751e8b465ee728b)  -> (artifact id: '0b983c673517400f7cb60ad8617aa9a1') in 0.208381 seconds 
  Import took 0.229260 seconds .

========================================================================
Received Import Request.
  Time since last request: 62.351148 seconds.
  path: Assets/A.U.R.W 2021/Demo/Scene/Standard Assets
  artifactKey: Guid(30989033a783edf4ebeb8bc85a2efc57) Importer(815301076,1909f56bfc062723c751e8b465ee728b)
Start importing Assets/A.U.R.W 2021/Demo/Scene/Standard Assets using Guid(30989033a783edf4ebeb8bc85a2efc57) Importer(815301076,1909f56bfc062723c751e8b465ee728b)  -> (artifact id: 'c9baa92e9716b4605bfa0a89fb30e6df') in 0.007398 seconds 
  Import took 0.010667 seconds .

========================================================================
Received Import Request.
  Time since last request: 0.797812 seconds.
  path: Assets/A.U.R.W 2021/Demo/Scene/Standard Assets/Skyboxes
  artifactKey: Guid(c2b4a60da23753d4aadbe7e849c20351) Importer(815301076,1909f56bfc062723c751e8b465ee728b)
Start importing Assets/A.U.R.W 2021/Demo/Scene/Standard Assets/Skyboxes using Guid(c2b4a60da23753d4aadbe7e849c20351) Importer(815301076,1909f56bfc062723c751e8b465ee728b)  -> (artifact id: 'd2fa5e5b6361833f437e76dfb340a90d') in 0.008673 seconds 
  Import took 0.028778 seconds .

========================================================================
Received Import Request.
  Time since last request: 123.192634 seconds.
  path: Assets/A.U.R.W 2021/Resources/Textures/Normals/WaterTexture5.png
  artifactKey: Guid(c69f78fc22417b546a1bda5001c9402a) Importer(815301076,1909f56bfc062723c751e8b465ee728b)
Start importing Assets/A.U.R.W 2021/Resources/Textures/Normals/WaterTexture5.png using Guid(c69f78fc22417b546a1bda5001c9402a) Importer(815301076,1909f56bfc062723c751e8b465ee728b)  -> (artifact id: '906c370788e9ead46d09cdaddd69904f') in 0.024888 seconds 
  Import took 0.028875 seconds .

========================================================================
Received Import Request.
  Time since last request: 26.916521 seconds.
  path: Assets/A.U.R.W 2021/Resources/Textures/Normals
  artifactKey: Guid(48e95d6d9d4cfac4ca0539de1559dabd) Importer(815301076,1909f56bfc062723c751e8b465ee728b)
Start importing Assets/A.U.R.W 2021/Resources/Textures/Normals using Guid(48e95d6d9d4cfac4ca0539de1559dabd) Importer(815301076,1909f56bfc062723c751e8b465ee728b)  -> (artifact id: '386df3b4aa7750f035e81492f8626797') in 0.008042 seconds 
  Import took 0.011292 seconds .

========================================================================
Received Import Request.
  Time since last request: 11.316855 seconds.
  path: Assets/A.U.R.W 2021/Resources/Textures/Normals/PoolMap2.png
  artifactKey: Guid(c717b0af26f3e434895fe0267c18ae73) Importer(815301076,1909f56bfc062723c751e8b465ee728b)
Start importing Assets/A.U.R.W 2021/Resources/Textures/Normals/PoolMap2.png using Guid(c717b0af26f3e434895fe0267c18ae73) Importer(815301076,1909f56bfc062723c751e8b465ee728b)  -> (artifact id: '4d2a7608df10edb7d7e0002b99224ff4') in 0.055518 seconds 
  Import took 0.072571 seconds .

========================================================================
Received Import Request.
  Time since last request: 11.399572 seconds.
  path: Assets/A.U.R.W 2021/Resources/Textures/Normals/FoamTexture.png
  artifactKey: Guid(26e35739fea1795468623551a681e60a) Importer(815301076,1909f56bfc062723c751e8b465ee728b)
Start importing Assets/A.U.R.W 2021/Resources/Textures/Normals/FoamTexture.png using Guid(26e35739fea1795468623551a681e60a) Importer(815301076,1909f56bfc062723c751e8b465ee728b)  -> (artifact id: 'da0acd09ab16576eb27fdbf108da125a') in 0.033865 seconds 
  Import took 0.037392 seconds .

========================================================================
Received Import Request.
  Time since last request: 21.650121 seconds.
  path: Assets/A.U.R.W 2021/Resources/Textures/Foam/Foam.png
  artifactKey: Guid(fca1022fc48ad9d4997720df9c4e8ec0) Importer(815301076,1909f56bfc062723c751e8b465ee728b)
Start importing Assets/A.U.R.W 2021/Resources/Textures/Foam/Foam.png using Guid(fca1022fc48ad9d4997720df9c4e8ec0) Importer(815301076,1909f56bfc062723c751e8b465ee728b)  -> (artifact id: 'a72ea0d053309da746b43b975dd57901') in 0.035346 seconds 
  Import took 0.038836 seconds .

========================================================================
Received Import Request.
  Time since last request: 4.601492 seconds.
  path: Assets/A.U.R.W 2021/Resources/Textures/Foam/FoamNormalMap.png
  artifactKey: Guid(2100fc637c4cdfb4489adb0b7465472c) Importer(815301076,1909f56bfc062723c751e8b465ee728b)
Start importing Assets/A.U.R.W 2021/Resources/Textures/Foam/FoamNormalMap.png using Guid(2100fc637c4cdfb4489adb0b7465472c) Importer(815301076,1909f56bfc062723c751e8b465ee728b)  -> (artifact id: '15fad7739a3e1799153193dcd1e9500a') in 0.034293 seconds 
  Import took 0.037537 seconds .

========================================================================
Received Import Request.
  Time since last request: 52.609487 seconds.
  path: Assets/A.U.R.W 2021/Resources/Textures/Normals/WaterTexture3.png
  artifactKey: Guid(9c2f869d1e6d3a74dad0a11660f8653d) Importer(815301076,1909f56bfc062723c751e8b465ee728b)
Start importing Assets/A.U.R.W 2021/Resources/Textures/Normals/WaterTexture3.png using Guid(9c2f869d1e6d3a74dad0a11660f8653d) Importer(815301076,1909f56bfc062723c751e8b465ee728b)  -> (artifact id: '3585a730c5da604f088a838658c2bd5c') in 0.022190 seconds 
  Import took 0.025517 seconds .

========================================================================
Received Import Request.
  Time since last request: 85.616864 seconds.
  path: Assets/A.U.R.W 2021/Resources/Textures/Normals/WaterTexture2.png
  artifactKey: Guid(85fe6b1f840dd7d4b92150635097422f) Importer(815301076,1909f56bfc062723c751e8b465ee728b)
Start importing Assets/A.U.R.W 2021/Resources/Textures/Normals/WaterTexture2.png using Guid(85fe6b1f840dd7d4b92150635097422f) Importer(815301076,1909f56bfc062723c751e8b465ee728b)  -> (artifact id: 'bebbedbe291c4f6a88bc9f876c98bc6b') in 0.107923 seconds 
  Import took 0.111612 seconds .

========================================================================
Received Import Request.
  Time since last request: 14.497848 seconds.
  path: Assets/A.U.R.W 2021/Resources/Textures/Foam
  artifactKey: Guid(42f9fe481742d7449b27f6dbf9caf629) Importer(815301076,1909f56bfc062723c751e8b465ee728b)
Start importing Assets/A.U.R.W 2021/Resources/Textures/Foam using Guid(42f9fe481742d7449b27f6dbf9caf629) Importer(815301076,1909f56bfc062723c751e8b465ee728b)  -> (artifact id: '9a486da34aef69cef16714633276ab26') in 0.002672 seconds 
  Import took 0.005973 seconds .

========================================================================
Received Import Request.
  Time since last request: 4.519631 seconds.
  path: Assets/A.U.R.W 2021/Resources/Textures/Displacement.png
  artifactKey: Guid(05958dfdd43e81f42ab86e05120a5b2f) Importer(815301076,1909f56bfc062723c751e8b465ee728b)
Start importing Assets/A.U.R.W 2021/Resources/Textures/Displacement.png using Guid(05958dfdd43e81f42ab86e05120a5b2f) Importer(815301076,1909f56bfc062723c751e8b465ee728b)  -> (artifact id: '2b201d51e9dd3d0ce20629fee3d8c018') in 0.023694 seconds 
  Import took 0.027081 seconds .

========================================================================
Received Import Request.
  Time since last request: 122.670265 seconds.
  path: Assets/SimpleLowPolyNature/Prefabs
  artifactKey: Guid(45690ad9e15981946be65f9548d8dd09) Importer(815301076,1909f56bfc062723c751e8b465ee728b)
Start importing Assets/SimpleLowPolyNature/Prefabs using Guid(45690ad9e15981946be65f9548d8dd09) Importer(815301076,1909f56bfc062723c751e8b465ee728b)  -> (artifact id: 'a1623c255db46e07964823427bf694e9') in 0.002349 seconds 
  Import took 0.005960 seconds .

========================================================================
Received Import Request.
  Time since last request: 377.239941 seconds.
  path: Assets/Prefabs/Tile_1.prefab
  artifactKey: Guid(5e826fca81718cf478fe5be207ae70ff) Importer(815301076,1909f56bfc062723c751e8b465ee728b)
Start importing Assets/Prefabs/Tile_1.prefab using Guid(5e826fca81718cf478fe5be207ae70ff) Importer(815301076,1909f56bfc062723c751e8b465ee728b)  -> (artifact id: '5027f29e9937a125fec2614d083ee09f') in 1.760187 seconds 
  Import took 1.770058 seconds .

========================================================================
Received Import Request.
  Time since last request: 111.894300 seconds.
  path: Assets/Textures/Rock_Line_Obstacle/08 - Default_normal.jpg
  artifactKey: Guid(16f5d004f97a1d04ca9a616808e5a6dc) Importer(815301076,1909f56bfc062723c751e8b465ee728b)
Start importing Assets/Textures/Rock_Line_Obstacle/08 - Default_normal.jpg using Guid(16f5d004f97a1d04ca9a616808e5a6dc) Importer(815301076,1909f56bfc062723c751e8b465ee728b)  -> (artifact id: 'f9a3a5f573623b7d855382364b086458') in 0.095967 seconds 
  Import took 0.100274 seconds .

========================================================================
Received Import Request.
  Time since last request: 0.000249 seconds.
  path: Assets/Materials/Ground/rgtmrnp_2K_Albedo.jpg
  artifactKey: Guid(84ac2a3e91333174c8a027fd4a84a50c) Importer(815301076,1909f56bfc062723c751e8b465ee728b)
Start importing Assets/Materials/Ground/rgtmrnp_2K_Albedo.jpg using Guid(84ac2a3e91333174c8a027fd4a84a50c) Importer(815301076,1909f56bfc062723c751e8b465ee728b)  -> (artifact id: '10f566de8fadef132ab652a0e9e7f24f') in 0.129237 seconds 
  Import took 0.133461 seconds .

========================================================================
Received Import Request.
  Time since last request: 0.000214 seconds.
  path: Assets/SimpleLowPolyNature/Scenes/PrefabsScene/Lightmap-1_comp_dir.png
  artifactKey: Guid(5cab939ab3666cc4091260e92b1cd3db) Importer(815301076,1909f56bfc062723c751e8b465ee728b)
Start importing Assets/SimpleLowPolyNature/Scenes/PrefabsScene/Lightmap-1_comp_dir.png using Guid(5cab939ab3666cc4091260e92b1cd3db) Importer(815301076,1909f56bfc062723c751e8b465ee728b)  -> (artifact id: '71c22c6f7e5709e13a15609b48aacb9d') in 0.018595 seconds 
  Import took 0.034738 seconds .

========================================================================
Received Import Request.
  Time since last request: 0.000215 seconds.
  path: Assets/Materials/Lawn/Grass_Wild_umrnbcgs_surface_Preview.png
  artifactKey: Guid(ee224026e2cc962439be630ddd8f4846) Importer(815301076,1909f56bfc062723c751e8b465ee728b)
Start importing Assets/Materials/Lawn/Grass_Wild_umrnbcgs_surface_Preview.png using Guid(ee224026e2cc962439be630ddd8f4846) Importer(815301076,1909f56bfc062723c751e8b465ee728b)  -> (artifact id: 'b22d0ac118d18d56be2f7b60f33a5030') in 0.067424 seconds 
  Import took 0.070826 seconds .

========================================================================
Received Import Request.
  Time since last request: 0.000223 seconds.
  path: Assets/SimpleLowPolyNature/Scenes/PrefabsScene/Lightmap-1_comp_light.exr
  artifactKey: Guid(79007bb635c0658428463e660b93418d) Importer(815301076,1909f56bfc062723c751e8b465ee728b)
Start importing Assets/SimpleLowPolyNature/Scenes/PrefabsScene/Lightmap-1_comp_light.exr using Guid(79007bb635c0658428463e660b93418d) Importer(815301076,1909f56bfc062723c751e8b465ee728b)  -> (artifact id: '5c1dcfd2ba5bd2f2bfdfc6f6fc289dc8') in 0.037484 seconds 
  Import took 0.040821 seconds .

========================================================================
Received Import Request.
  Time since last request: 7.118724 seconds.
  path: Assets/Materials/Ground/rgtmrnp_2K_AO.jpg
  artifactKey: Guid(43acbce7da0e877449c79512aac69d4b) Importer(815301076,1909f56bfc062723c751e8b465ee728b)
Start importing Assets/Materials/Ground/rgtmrnp_2K_AO.jpg using Guid(43acbce7da0e877449c79512aac69d4b) Importer(815301076,1909f56bfc062723c751e8b465ee728b)  -> (artifact id: '74c0c9cf30a4ae91a837df36c8540e22') in 0.059103 seconds 
  Import took 0.062552 seconds .

========================================================================
Received Import Request.
  Time since last request: 0.705597 seconds.
  path: Assets/Materials/Ground/rgtmrnp_2K_Displacement.exr
  artifactKey: Guid(a032ba269340d974f86fe3750c6fedb7) Importer(815301076,1909f56bfc062723c751e8b465ee728b)
Start importing Assets/Materials/Ground/rgtmrnp_2K_Displacement.exr using Guid(a032ba269340d974f86fe3750c6fedb7) Importer(815301076,1909f56bfc062723c751e8b465ee728b)  -> (artifact id: '647118f9629eded52a4a365949e9207a') in 0.168729 seconds 
  Import took 0.172300 seconds .

========================================================================
Received Import Request.
  Time since last request: 0.587592 seconds.
  path: Assets/Materials/Ground/rgtmrnp_2K_Displacement.jpg
  artifactKey: Guid(1382705890c871e4788a26c4456d2fb3) Importer(815301076,1909f56bfc062723c751e8b465ee728b)
Start importing Assets/Materials/Ground/rgtmrnp_2K_Displacement.jpg using Guid(1382705890c871e4788a26c4456d2fb3) Importer(815301076,1909f56bfc062723c751e8b465ee728b)  -> (artifact id: 'e623348042be3eb6cd830dda61118ed7') in 0.136055 seconds 
  Import took 0.139390 seconds .

========================================================================
Received Import Request.
  Time since last request: 0.116717 seconds.
  path: Assets/Materials/Ground/rgtmrnp_2K_Normal.jpg
  artifactKey: Guid(d93a53b2f94a064498a52665a6ece727) Importer(815301076,1909f56bfc062723c751e8b465ee728b)
Start importing Assets/Materials/Ground/rgtmrnp_2K_Normal.jpg using Guid(d93a53b2f94a064498a52665a6ece727) Importer(815301076,1909f56bfc062723c751e8b465ee728b)  -> (artifact id: 'ad2b54830de095aaf326a1d620784567') in 0.086174 seconds 
  Import took 0.089811 seconds .

========================================================================
Received Import Request.
  Time since last request: 0.477749 seconds.
  path: Assets/Materials/Ground/rgtmrnp_2K_Roughness.jpg
  artifactKey: Guid(b825789c4c0b70a429d23495efb6959c) Importer(815301076,1909f56bfc062723c751e8b465ee728b)
Start importing Assets/Materials/Ground/rgtmrnp_2K_Roughness.jpg using Guid(b825789c4c0b70a429d23495efb6959c) Importer(815301076,1909f56bfc062723c751e8b465ee728b)  -> (artifact id: 'd92c52d7dd3c9188ef02edb3dd8b667e') in 0.132319 seconds 
  Import took 0.135726 seconds .

========================================================================
Received Import Request.
  Time since last request: 2.935911 seconds.
  path: Assets/Materials/Lawn/umrnbcgs_2K_Albedo.jpg
  artifactKey: Guid(4f1939816fda13544a2a3c1381f8e6d1) Importer(815301076,1909f56bfc062723c751e8b465ee728b)
Start importing Assets/Materials/Lawn/umrnbcgs_2K_Albedo.jpg using Guid(4f1939816fda13544a2a3c1381f8e6d1) Importer(815301076,1909f56bfc062723c751e8b465ee728b)  -> (artifact id: 'a8372480fce0e13716425b9f0208b4f0') in 0.063785 seconds 
  Import took 0.067035 seconds .

========================================================================
Received Import Request.
  Time since last request: 0.964815 seconds.
  path: Assets/Materials/Lawn/umrnbcgs_2K_AO.jpg
  artifactKey: Guid(2c6a89d9add45e747a41f5a66b1ef3a6) Importer(815301076,1909f56bfc062723c751e8b465ee728b)
Start importing Assets/Materials/Lawn/umrnbcgs_2K_AO.jpg using Guid(2c6a89d9add45e747a41f5a66b1ef3a6) Importer(815301076,1909f56bfc062723c751e8b465ee728b)  -> (artifact id: '37ea893166cdff972759a454e7ccdc6f') in 0.071415 seconds 
  Import took 0.074598 seconds .

========================================================================
Received Import Request.
  Time since last request: 0.133205 seconds.
  path: Assets/Materials/Lawn/umrnbcgs_2K_Displacement.exr
  artifactKey: Guid(e3e6ad172e338d044b67e92d7718d2d8) Importer(815301076,1909f56bfc062723c751e8b465ee728b)
Start importing Assets/Materials/Lawn/umrnbcgs_2K_Displacement.exr using Guid(e3e6ad172e338d044b67e92d7718d2d8) Importer(815301076,1909f56bfc062723c751e8b465ee728b)  -> (artifact id: 'c81335206e9f62602a2e285336cdd9eb') in 0.176388 seconds 
  Import took 0.179612 seconds .

========================================================================
Received Import Request.
  Time since last request: 0.308435 seconds.
  path: Assets/Materials/Lawn/umrnbcgs_2K_Displacement.jpg
  artifactKey: Guid(a04b013dd4bcc714d9bbdb51419a382f) Importer(815301076,1909f56bfc062723c751e8b465ee728b)
Start importing Assets/Materials/Lawn/umrnbcgs_2K_Displacement.jpg using Guid(a04b013dd4bcc714d9bbdb51419a382f) Importer(815301076,1909f56bfc062723c751e8b465ee728b)  -> (artifact id: 'a5f1f36db8f92321168df812fa2cce67') in 0.110165 seconds 
  Import took 0.113441 seconds .

========================================================================
Received Import Request.
  Time since last request: 0.000200 seconds.
  path: Assets/Materials/Lawn/umrnbcgs_2K_Normal.jpg
  artifactKey: Guid(7dd50329257b2f74894d72cae6dd113c) Importer(815301076,1909f56bfc062723c751e8b465ee728b)
Start importing Assets/Materials/Lawn/umrnbcgs_2K_Normal.jpg using Guid(7dd50329257b2f74894d72cae6dd113c) Importer(815301076,1909f56bfc062723c751e8b465ee728b)  -> (artifact id: '79a89e2d04bcd34b20b8896d5c50ae90') in 0.069948 seconds 
  Import took 0.072851 seconds .

========================================================================
Received Import Request.
  Time since last request: 0.101365 seconds.
  path: Assets/Materials/Lawn/umrnbcgs_2K_Roughness.jpg
  artifactKey: Guid(e93f1f41829bde34998786989748858d) Importer(815301076,1909f56bfc062723c751e8b465ee728b)
Start importing Assets/Materials/Lawn/umrnbcgs_2K_Roughness.jpg using Guid(e93f1f41829bde34998786989748858d) Importer(815301076,1909f56bfc062723c751e8b465ee728b)  -> (artifact id: '5844728ed7197f7eef339f7720eedb4a') in 0.110517 seconds 
  Import took 0.113926 seconds .

========================================================================
Received Import Request.
  Time since last request: 0.262048 seconds.
  path: Assets/Materials/Ground/Wood_Misc_rgtmrnp0_surface_Preview.png
  artifactKey: Guid(3acdd84b63a93124d8c07791189bcf0f) Importer(815301076,1909f56bfc062723c751e8b465ee728b)
Start importing Assets/Materials/Ground/Wood_Misc_rgtmrnp0_surface_Preview.png using Guid(3acdd84b63a93124d8c07791189bcf0f) Importer(815301076,1909f56bfc062723c751e8b465ee728b)  -> (artifact id: '6cadd6d9acc0cdd5d1a885adc0302621') in 0.046607 seconds 
  Import took 0.056313 seconds .

========================================================================
Received Import Request.
  Time since last request: 13.544210 seconds.
  path: Assets/Prefabs/NewBrush.brush
  artifactKey: Guid(8cfe342a637c78b4c94ad4ab2106fc76) Importer(815301076,1909f56bfc062723c751e8b465ee728b)
Start importing Assets/Prefabs/NewBrush.brush using Guid(8cfe342a637c78b4c94ad4ab2106fc76) Importer(815301076,1909f56bfc062723c751e8b465ee728b)  -> (artifact id: '21c4cd9da4a0d934a801f5da422b764f') in 0.044616 seconds 
  Import took 0.077155 seconds .

========================================================================
Received Import Request.
  Time since last request: 57.297615 seconds.
  path: Assets/Prefabs/NewBrush 1.brush
  artifactKey: Guid(36d13eff1298d1842b9231afb026abab) Importer(815301076,1909f56bfc062723c751e8b465ee728b)
Start importing Assets/Prefabs/NewBrush 1.brush using Guid(36d13eff1298d1842b9231afb026abab) Importer(815301076,1909f56bfc062723c751e8b465ee728b)  -> (artifact id: '3739aa33d1153deeb52780e7ee4034cc') in 0.032776 seconds 
  Import took 0.036188 seconds .

========================================================================
Received Import Request.
  Time since last request: 70.350048 seconds.
  path: Assets/SimpleLowPolyNature/Prefabs/Water.prefab
  artifactKey: Guid(8205d36f5448674429e263cd4800fd0a) Importer(815301076,1909f56bfc062723c751e8b465ee728b)
Start importing Assets/SimpleLowPolyNature/Prefabs/Water.prefab using Guid(8205d36f5448674429e263cd4800fd0a) Importer(815301076,1909f56bfc062723c751e8b465ee728b)  -> (artifact id: 'bd9f2cc63a7f4ac8d60f19f4797328c5') in 0.240319 seconds 
  Import took 0.243823 seconds .

========================================================================
Received Import Request.
  Time since last request: 189.995846 seconds.
  path: Assets/Prefabs/Tile_3.prefab
  artifactKey: Guid(b0a6e26d395c9dc41a13d9f16b0a58ab) Importer(815301076,1909f56bfc062723c751e8b465ee728b)
Start importing Assets/Prefabs/Tile_3.prefab using Guid(b0a6e26d395c9dc41a13d9f16b0a58ab) Importer(815301076,1909f56bfc062723c751e8b465ee728b)  -> (artifact id: '8a3c13e4aeec4271a89c55671c664734') in 0.916286 seconds 
  Import took 0.924589 seconds .

========================================================================
Received Import Request.
  Time since last request: 74.230626 seconds.
  path: Assets/Materials/Sea
  artifactKey: Guid(5dd43e2a17fa18b44937b15d4f2ad59d) Importer(815301076,1909f56bfc062723c751e8b465ee728b)
Start importing Assets/Materials/Sea using Guid(5dd43e2a17fa18b44937b15d4f2ad59d) Importer(815301076,1909f56bfc062723c751e8b465ee728b)  -> (artifact id: '1d182e8fe7bc95dbdf4da86c6d2d03dd') in 0.008110 seconds 
  Import took 0.026399 seconds .

========================================================================
Received Import Request.
  Time since last request: 36.306387 seconds.
  path: Assets/Materials/CartoonWater
  artifactKey: Guid(5dd43e2a17fa18b44937b15d4f2ad59d) Importer(815301076,1909f56bfc062723c751e8b465ee728b)
Start importing Assets/Materials/CartoonWater using Guid(5dd43e2a17fa18b44937b15d4f2ad59d) Importer(815301076,1909f56bfc062723c751e8b465ee728b)  -> (artifact id: '9b93fb662272147b71724897bfc7f935') in 0.008283 seconds 
  Import took 0.011807 seconds .

========================================================================
Received Import Request.
  Time since last request: 44.685575 seconds.
  path: Assets/Shaders
  artifactKey: Guid(494bc5f538a67684b99ea74c06265715) Importer(815301076,1909f56bfc062723c751e8b465ee728b)
Start importing Assets/Shaders using Guid(494bc5f538a67684b99ea74c06265715) Importer(815301076,1909f56bfc062723c751e8b465ee728b)  -> (artifact id: 'a83a7b54b6ef390b6441a077f79efc12') in 0.008237 seconds 
  Import took 0.012429 seconds .

========================================================================
Received Import Request.
  Time since last request: 107.066556 seconds.
  path: Assets/Shaders/NewShaderVariants.shadervariants
  artifactKey: Guid(c94cf5713cb717746b887b022cf90320) Importer(815301076,1909f56bfc062723c751e8b465ee728b)
Start importing Assets/Shaders/NewShaderVariants.shadervariants using Guid(c94cf5713cb717746b887b022cf90320) Importer(815301076,1909f56bfc062723c751e8b465ee728b)  -> (artifact id: '9a1555188dd27c75faf1f48d15a7872e') in 0.012200 seconds 
  Import took 0.015942 seconds .

========================================================================
Received Import Request.
  Time since last request: 68.676197 seconds.
  path: Assets/Shaders/NewComputeShader.compute
  artifactKey: Guid(74994504459b984478c0b7d74a37970c) Importer(815301076,1909f56bfc062723c751e8b465ee728b)
Start importing Assets/Shaders/NewComputeShader.compute using Guid(74994504459b984478c0b7d74a37970c) Importer(815301076,1909f56bfc062723c751e8b465ee728b)  -> (artifact id: '6668e2fe20af07b5c8450d7116aa6ca5') in 0.009591 seconds 
  Import took 0.013018 seconds .

========================================================================
Received Import Request.
  Time since last request: 8.070787 seconds.
  path: Assets/Shaders/NewRayTracingShader.raytrace
  artifactKey: Guid(c06a5c239c194a04a8aa5f913227aee1) Importer(815301076,1909f56bfc062723c751e8b465ee728b)
Start importing Assets/Shaders/NewRayTracingShader.raytrace using Guid(c06a5c239c194a04a8aa5f913227aee1) Importer(815301076,1909f56bfc062723c751e8b465ee728b)  -> (artifact id: '3d43a0e0d78fa8a53998027038bd2004') in 0.010889 seconds 
  Import took 0.014184 seconds .

========================================================================
Received Import Request.
  Time since last request: 17.404257 seconds.
  path: Assets/Shaders/Water.shader
  artifactKey: Guid(e2ae04d85fed50e499cdf626ef334dd6) Importer(815301076,1909f56bfc062723c751e8b465ee728b)
Start importing Assets/Shaders/Water.shader using Guid(e2ae04d85fed50e499cdf626ef334dd6) Importer(815301076,1909f56bfc062723c751e8b465ee728b)  -> (artifact id: '937aae5b16a6462ebc962eb89ac0713f') in 0.006311 seconds 
  Import took 0.028039 seconds .

========================================================================
Received Import Request.
  Time since last request: 72.214606 seconds.
  path: Assets/Shaders/NewUnlitShader.shader
  artifactKey: Guid(9b7e2d46f7e36bb438123f92460a1eeb) Importer(815301076,1909f56bfc062723c751e8b465ee728b)
Start importing Assets/Shaders/NewUnlitShader.shader using Guid(9b7e2d46f7e36bb438123f92460a1eeb) Importer(815301076,1909f56bfc062723c751e8b465ee728b)  -> (artifact id: '5ceafb81c8a5987d97221063450ebe7e') in 0.009124 seconds 
  Import took 0.012385 seconds .

========================================================================
Received Import Request.
  Time since last request: 9.808932 seconds.
  path: Assets/Shaders/NewImageEffectShader.shader
  artifactKey: Guid(a0ed635f019618d428b05001103197ec) Importer(815301076,1909f56bfc062723c751e8b465ee728b)
Start importing Assets/Shaders/NewImageEffectShader.shader using Guid(a0ed635f019618d428b05001103197ec) Importer(815301076,1909f56bfc062723c751e8b465ee728b)  -> (artifact id: 'c16677aeb3fd1aa769aa821f1ba11837') in 0.008297 seconds 
  Import took 0.038707 seconds .

========================================================================
Received Import Request.
  Time since last request: 7825.837962 seconds.
  path: Assets/New Terrain.asset
  artifactKey: Guid(59dcf49cb21cb5b418dc566cc5d31831) Importer(815301076,1909f56bfc062723c751e8b465ee728b)
Start importing Assets/New Terrain.asset using Guid(59dcf49cb21cb5b418dc566cc5d31831) Importer(815301076,1909f56bfc062723c751e8b465ee728b)  -> (artifact id: '46ea8802302b0e863f1d326677f219ae') in 0.162858 seconds 
  Import took 0.167992 seconds .

========================================================================
Received Import Request.
  Time since last request: 0.000302 seconds.
  path: Assets/TerrainData_908677b8-8e48-4faf-a1a4-f52d79ad7ee6.asset
  artifactKey: Guid(a9233a9c34aacfd4c908bfb463de3d22) Importer(815301076,1909f56bfc062723c751e8b465ee728b)
Start importing Assets/TerrainData_908677b8-8e48-4faf-a1a4-f52d79ad7ee6.asset using Guid(a9233a9c34aacfd4c908bfb463de3d22) Importer(815301076,1909f56bfc062723c751e8b465ee728b)  -> (artifact id: '5e32ae70c75dd9e84c8b5186284aef57') in 0.086683 seconds 
  Import took 0.090531 seconds .

========================================================================
Received Import Request.
  Time since last request: 0.000217 seconds.
  path: Assets/TerrainData_a8ed5352-4dc3-4957-8a84-ba83cb928ca3.asset
  artifactKey: Guid(f61716c3fb6d75943b5b097a5d219198) Importer(815301076,1909f56bfc062723c751e8b465ee728b)
Start importing Assets/TerrainData_a8ed5352-4dc3-4957-8a84-ba83cb928ca3.asset using Guid(f61716c3fb6d75943b5b097a5d219198) Importer(815301076,1909f56bfc062723c751e8b465ee728b)  -> (artifact id: '9b2f9aa54b740720d5112f159919313e') in 0.058435 seconds 
  Import took 0.062836 seconds .

========================================================================
Received Import Request.
  Time since last request: 0.000262 seconds.
  path: Assets/TerrainData_31a6e106-6f0d-4fdf-ac18-f997139f5e64.asset
  artifactKey: Guid(ddecda2fbf1783a45bdc5057a9bd58fc) Importer(815301076,1909f56bfc062723c751e8b465ee728b)
Start importing Assets/TerrainData_31a6e106-6f0d-4fdf-ac18-f997139f5e64.asset using Guid(ddecda2fbf1783a45bdc5057a9bd58fc) Importer(815301076,1909f56bfc062723c751e8b465ee728b)  -> (artifact id: 'd1aa98a78580a2bdf0dc65f410951f01') in 0.053909 seconds 
  Import took 0.059091 seconds .

========================================================================
Received Import Request.
  Time since last request: 464.506966 seconds.
  path: Assets/A.U.R.W 2021
  artifactKey: Guid(7fb1d4d301653ff418dbc393e5719ac2) Importer(815301076,1909f56bfc062723c751e8b465ee728b)
Start importing Assets/A.U.R.W 2021 using Guid(7fb1d4d301653ff418dbc393e5719ac2) Importer(815301076,1909f56bfc062723c751e8b465ee728b)  -> (artifact id: 'a0ba5c53b1ae0b448c3f8c4d807e5fa3') in 0.010434 seconds 
  Import took 0.013968 seconds .

========================================================================
Received Import Request.
  Time since last request: 5.170008 seconds.
  path: Assets/A.U.R.W 2021/Materials
  artifactKey: Guid(d2237d8db3d570341acc3bf95e0b7047) Importer(815301076,1909f56bfc062723c751e8b465ee728b)
Start importing Assets/A.U.R.W 2021/Materials using Guid(d2237d8db3d570341acc3bf95e0b7047) Importer(815301076,1909f56bfc062723c751e8b465ee728b)  -> (artifact id: 'ce3337cc14dab1f43935502bccb358d0') in 0.007194 seconds 
  Import took 0.011503 seconds .

========================================================================
Received Import Request.
  Time since last request: 7.363179 seconds.
  path: Assets/A.U.R.W 2021/Materials/Unity
  artifactKey: Guid(88f9dee776648d0459848924eb2550cb) Importer(815301076,1909f56bfc062723c751e8b465ee728b)
Start importing Assets/A.U.R.W 2021/Materials/Unity using Guid(88f9dee776648d0459848924eb2550cb) Importer(815301076,1909f56bfc062723c751e8b465ee728b)  -> (artifact id: '3b0aa7733dd5cf91836f894620caf473') in 0.008061 seconds 
  Import took 0.011840 seconds .

========================================================================
Received Import Request.
  Time since last request: 5.308916 seconds.
  path: Assets/A.U.R.W 2021/Resources
  artifactKey: Guid(49600ef7cc4bf50458c964146b8d9d43) Importer(815301076,1909f56bfc062723c751e8b465ee728b)
Start importing Assets/A.U.R.W 2021/Resources using Guid(49600ef7cc4bf50458c964146b8d9d43) Importer(815301076,1909f56bfc062723c751e8b465ee728b)  -> (artifact id: 'ac454084d4868cc77e8849f91c8cdf90') in 0.008249 seconds 
  Import took 0.011816 seconds .

========================================================================
Received Import Request.
  Time since last request: 4.788238 seconds.
  path: Assets/A.U.R.W 2021/Resources/Textures
  artifactKey: Guid(711021a78f96a624593332f612c37da9) Importer(815301076,1909f56bfc062723c751e8b465ee728b)
Start importing Assets/A.U.R.W 2021/Resources/Textures using Guid(711021a78f96a624593332f612c37da9) Importer(815301076,1909f56bfc062723c751e8b465ee728b)  -> (artifact id: '2fa837a875308918d541637d95d064d5') in 0.008186 seconds 
  Import took 0.011696 seconds .

========================================================================
Received Import Request.
  Time since last request: 11.179760 seconds.
  path: Assets/A.U.R.W 2021/Resources/Shaders
  artifactKey: Guid(ed8293e847fe76641b181aae32c4db24) Importer(815301076,1909f56bfc062723c751e8b465ee728b)
Start importing Assets/A.U.R.W 2021/Resources/Shaders using Guid(ed8293e847fe76641b181aae32c4db24) Importer(815301076,1909f56bfc062723c751e8b465ee728b)  -> (artifact id: '84add7517bd68a86320855351afc11f0') in 0.007878 seconds 
  Import took 0.011595 seconds .

========================================================================
Received Import Request.
  Time since last request: 26.302688 seconds.
  path: Assets/A.U.R.W 2021/Resources/Shaders/Simple
  artifactKey: Guid(2e9c7a0a312cf8640b658aa50e91ec08) Importer(815301076,1909f56bfc062723c751e8b465ee728b)
Start importing Assets/A.U.R.W 2021/Resources/Shaders/Simple using Guid(2e9c7a0a312cf8640b658aa50e91ec08) Importer(815301076,1909f56bfc062723c751e8b465ee728b)  -> (artifact id: 'f0e25bd50e645a979b6269efdae73464') in 0.009043 seconds 
  Import took 0.012343 seconds .

========================================================================
Received Import Request.
  Time since last request: 11.139517 seconds.
  path: Assets/A.U.R.W 2021/Resources/Shaders/Simple/Under Water.shader
  artifactKey: Guid(7b210d483d322df479a2d26ba9f4946b) Importer(815301076,1909f56bfc062723c751e8b465ee728b)
Start importing Assets/A.U.R.W 2021/Resources/Shaders/Simple/Under Water.shader using Guid(7b210d483d322df479a2d26ba9f4946b) Importer(815301076,1909f56bfc062723c751e8b465ee728b) Shader 'ABKaspo/A.U.R.W/Simple/Under Water': fallback shader 'Hidden/Shader Graph/FallbackError' not found
 -> (artifact id: 'f94cf5eb5f1b645e1298ccca26f8cc86') in 0.011052 seconds 
  Import took 0.014285 seconds .

========================================================================
Received Import Request.
  Time since last request: 20.729409 seconds.
  path: Assets/A.U.R.W 2021/Resources/Textures/Normals/PoolMap3.png
  artifactKey: Guid(690ba398a7e5f4642adbc8b3c20bd703) Importer(815301076,1909f56bfc062723c751e8b465ee728b)
Start importing Assets/A.U.R.W 2021/Resources/Textures/Normals/PoolMap3.png using Guid(690ba398a7e5f4642adbc8b3c20bd703) Importer(815301076,1909f56bfc062723c751e8b465ee728b)  -> (artifact id: 'f2b24891be10e02c9f300e90ad9ec9c1') in 0.072961 seconds 
  Import took 0.076607 seconds .

========================================================================
Received Import Request.
  Time since last request: 125.392228 seconds.
  path: Assets/A.U.R.W 2021/Demo/Scene
  artifactKey: Guid(61300f0929be1c3418870aa6fba1927e) Importer(815301076,1909f56bfc062723c751e8b465ee728b)
Start importing Assets/A.U.R.W 2021/Demo/Scene using Guid(61300f0929be1c3418870aa6fba1927e) Importer(815301076,1909f56bfc062723c751e8b465ee728b)  -> (artifact id: '1766bb12cc55581a22207e316491a028') in 0.009002 seconds 
  Import took 0.013500 seconds .

========================================================================
Received Import Request.
  Time since last request: 2.312898 seconds.
  path: Assets/A.U.R.W 2021/Demo/Scene/Demo
  artifactKey: Guid(432e79c8fb0c3ce45bf29d212ac957f1) Importer(815301076,1909f56bfc062723c751e8b465ee728b)
Start importing Assets/A.U.R.W 2021/Demo/Scene/Demo using Guid(432e79c8fb0c3ce45bf29d212ac957f1) Importer(815301076,1909f56bfc062723c751e8b465ee728b)  -> (artifact id: '323c7909051e1ebfabe528c6f41978a1') in 0.008866 seconds 
  Import took 0.012097 seconds .

========================================================================
Received Import Request.
  Time since last request: 4.968846 seconds.
  path: Assets/A.U.R.W 2021/Demo/Scene/Demo/LightingData.asset
  artifactKey: Guid(6603d7469ba5e3446bb447555dd92640) Importer(815301076,1909f56bfc062723c751e8b465ee728b)
Start importing Assets/A.U.R.W 2021/Demo/Scene/Demo/LightingData.asset using Guid(6603d7469ba5e3446bb447555dd92640) Importer(815301076,1909f56bfc062723c751e8b465ee728b)  -> (artifact id: 'c2f5bd13ce159b934e56b57590663de3') in 0.010130 seconds 
  Import took 0.013642 seconds .

========================================================================
Received Import Request.
  Time since last request: 21.980790 seconds.
  path: Assets/Prefabs/Tile_3.prefab
  artifactKey: Guid(b0a6e26d395c9dc41a13d9f16b0a58ab) Importer(815301076,1909f56bfc062723c751e8b465ee728b)
Start importing Assets/Prefabs/Tile_3.prefab using Guid(b0a6e26d395c9dc41a13d9f16b0a58ab) Importer(815301076,1909f56bfc062723c751e8b465ee728b)  -> (artifact id: '65fedd2c9aaa79b41b85f8c23941a38f') in 1.970903 seconds 
  Import took 1.978743 seconds .

========================================================================
Received Import Request.
  Time since last request: 69.814534 seconds.
  path: Assets/A.U.R.W 2021/Materials/Simples
  artifactKey: Guid(49ea8c1ad28fa6041a643d5298968265) Importer(815301076,1909f56bfc062723c751e8b465ee728b)
Start importing Assets/A.U.R.W 2021/Materials/Simples using Guid(49ea8c1ad28fa6041a643d5298968265) Importer(815301076,1909f56bfc062723c751e8b465ee728b)  -> (artifact id: 'b11438e0c9f82dbd91ef92ebccc6d3ee') in 0.009892 seconds 
  Import took 0.013676 seconds .

========================================================================
Received Import Request.
  Time since last request: 933.988604 seconds.
  path: Assets/Materials/CartoonWater/water_tileset.png
  artifactKey: Guid(64c28ef09677eca468562e42ebad7303) Importer(815301076,1909f56bfc062723c751e8b465ee728b)
Start importing Assets/Materials/CartoonWater/water_tileset.png using Guid(64c28ef09677eca468562e42ebad7303) Importer(815301076,1909f56bfc062723c751e8b465ee728b)  -> (artifact id: 'd8494fb04380696d675a4788988feaa6') in 0.022989 seconds 
  Import took 0.026546 seconds .

========================================================================
Received Import Request.
  Time since last request: 177.601099 seconds.
  path: Assets/A.U.R.W 2021/Demo
  artifactKey: Guid(fc6e293dbe0232e46a170728509d0464) Importer(815301076,1909f56bfc062723c751e8b465ee728b)
Start importing Assets/A.U.R.W 2021/Demo using Guid(fc6e293dbe0232e46a170728509d0464) Importer(815301076,1909f56bfc062723c751e8b465ee728b)  -> (artifact id: '9f096fd0cd9db41583ae045bc4a465ba') in 0.004094 seconds 
  Import took 0.007582 seconds .

========================================================================
Received Import Request.
  Time since last request: 7.996009 seconds.
  path: Assets/A.U.R.W 2021/Demo/Scene/Demo/Materials
  artifactKey: Guid(86b16de62e0866b459b7003141db80e8) Importer(815301076,1909f56bfc062723c751e8b465ee728b)
Start importing Assets/A.U.R.W 2021/Demo/Scene/Demo/Materials using Guid(86b16de62e0866b459b7003141db80e8) Importer(815301076,1909f56bfc062723c751e8b465ee728b)  -> (artifact id: '4fb2ecd964dd36d6f935b8cdeae96fbb') in 0.003598 seconds 
  Import took 0.006787 seconds .

========================================================================
Received Prepare
Assets/Models/Lowturtle/lowturtle.c4d: Unity no longer supports importing Cinema 4D files directly, but we're working with Maxon to make the experience better. To import Cinema 4D files, install Maxon's external importer. You can find more information on the Unity Forum: https://on.unity.com/c4d.

Please note that FBX files exported from Cinema4D are still supported.
Registering precompiled user dll's ...
Registered in 0.002583 seconds.
Begin MonoManager ReloadAssembly
Native extension for WindowsStandalone target not found
Refreshing native plugins compatible for Editor in 0.41 ms, found 2 plugins.
Preloading 0 native plugins for Editor in 0.00 ms.
Mono: successfully reloaded assembly
- Completed reload, in  1.382 seconds
Domain Reload Profiling:
	ReloadAssembly (1385ms)
		BeginReloadAssembly (239ms)
			ExecutionOrderSort (0ms)
			DisableScriptedObjects (16ms)
			BackupInstance (0ms)
			ReleaseScriptingObjects (0ms)
			CreateAndSetChildDomain (98ms)
		EndReloadAssembly (1064ms)
			LoadAssemblies (110ms)
			RebuildTransferFunctionScriptingTraits (0ms)
			SetupTypeCache (363ms)
			ReleaseScriptCaches (1ms)
			RebuildScriptCaches (49ms)
			SetupLoadedEditorAssemblies (348ms)
				LogAssemblyErrors (0ms)
				InitializePlatformSupportModulesInManaged (7ms)
				SetLoadedEditorAssemblies (1ms)
				RefreshPlugins (0ms)
				BeforeProcessingInitializeOnLoad (90ms)
				ProcessInitializeOnLoadAttributes (238ms)
				ProcessInitializeOnLoadMethodAttributes (5ms)
				AfterProcessingInitializeOnLoad (8ms)
				EditorAssembliesLoaded (0ms)
			ExecutionOrderSort2 (0ms)
			AwakeInstancesAfterBackupRestoration (9ms)
Platform modules already initialized, skipping
Switching build target platform(19) subTarget(0) extendedPlatform(0) -> platform(13) subTarget(537395200) extendedPlatform(0)
Refreshing native plugins compatible for Editor in 0.42 ms, found 2 plugins.
Preloading 0 native plugins for Editor in 0.00 ms.
Unloading 1404 Unused Serialized files (Serialized files now loaded: 0)
System memory in use before: 71.7 MB.
System memory in use after: 71.3 MB.

Unloading 13 unused Assets to reduce memory usage. Loaded Objects now: 1872.
Total: 3.902100 ms (FindLiveObjects: 0.171300 ms CreateObjectMapping: 0.070900 ms MarkObjects: 3.061200 ms  DeleteObjects: 0.596800 ms)

AssetImportParameters requested are different than current active one (requested -> active):
  custom:framework-win-MediaFoundation: 216162199b28c13a410421893ffa2e32 -> 
  custom:video-decoder-ogg-theora: a1e56fd34408186e4bbccfd4996cb3dc -> 
  custom:container-muxer-webm: aa71ff27fc2769a1b78a27578f13a17b -> 
  custom:container-demuxer-webm: 4f35f7cbe854078d1ac9338744f61a02 -> 
  custom:container-demuxer-ogg: 62fdf1f143b41e24485cea50d1cbac27 -> 
  custom:video-encoder-webm-vp8: eb34c28f22e8b96e1ab97ce403110664 -> 
  custom:video-decoder-webm-vp8: 9c59270c3fd7afecdb556c50c9e8de78 -> 
  custom:graphics/normal-map-encoding: 01000000000000000000000000000000 -> 02000000000000000000000000000000
  custom:audio-decoder-ogg-vorbis: bf7c407c2cedff20999df2af8eb42d56 -> 
  custom:audio-encoder-webm-vorbis: bf7c407c2cedff20999df2af8eb42d56 -> 
========================================================================
Received Prepare
Assets/Models/Lowturtle/lowturtle.c4d: Unity no longer supports importing Cinema 4D files directly, but we're working with Maxon to make the experience better. To import Cinema 4D files, install Maxon's external importer. You can find more information on the Unity Forum: https://on.unity.com/c4d.

Please note that FBX files exported from Cinema4D are still supported.
Registering precompiled user dll's ...
Registered in 0.002411 seconds.
Begin MonoManager ReloadAssembly
Native extension for WindowsStandalone target not found
Refreshing native plugins compatible for Editor in 0.44 ms, found 2 plugins.
Preloading 0 native plugins for Editor in 0.00 ms.
Mono: successfully reloaded assembly
- Completed reload, in  1.217 seconds
Domain Reload Profiling:
	ReloadAssembly (1217ms)
		BeginReloadAssembly (130ms)
			ExecutionOrderSort (0ms)
			DisableScriptedObjects (6ms)
			BackupInstance (0ms)
			ReleaseScriptingObjects (0ms)
			CreateAndSetChildDomain (39ms)
		EndReloadAssembly (994ms)
			LoadAssemblies (104ms)
			RebuildTransferFunctionScriptingTraits (0ms)
			SetupTypeCache (342ms)
			ReleaseScriptCaches (1ms)
			RebuildScriptCaches (52ms)
			SetupLoadedEditorAssemblies (342ms)
				LogAssemblyErrors (0ms)
				InitializePlatformSupportModulesInManaged (6ms)
				SetLoadedEditorAssemblies (1ms)
				RefreshPlugins (1ms)
				BeforeProcessingInitializeOnLoad (88ms)
				ProcessInitializeOnLoadAttributes (234ms)
				ProcessInitializeOnLoadMethodAttributes (5ms)
				AfterProcessingInitializeOnLoad (8ms)
				EditorAssembliesLoaded (0ms)
			ExecutionOrderSort2 (0ms)
			AwakeInstancesAfterBackupRestoration (8ms)
Platform modules already initialized, skipping
Switching build target platform(19) subTarget(0) extendedPlatform(0) -> platform(13) subTarget(537395200) extendedPlatform(0)
Refreshing native plugins compatible for Editor in 0.40 ms, found 2 plugins.
Preloading 0 native plugins for Editor in 0.00 ms.
Unloading 1399 Unused Serialized files (Serialized files now loaded: 0)
System memory in use before: 71.1 MB.
System memory in use after: 71.2 MB.

Unloading 16 unused Assets to reduce memory usage. Loaded Objects now: 1869.
Total: 3.098700 ms (FindLiveObjects: 0.152900 ms CreateObjectMapping: 0.058100 ms MarkObjects: 2.864500 ms  DeleteObjects: 0.021600 ms)

AssetImportParameters requested are different than current active one (requested -> active):
  custom:framework-win-MediaFoundation: 216162199b28c13a410421893ffa2e32 -> 
  custom:video-decoder-ogg-theora: a1e56fd34408186e4bbccfd4996cb3dc -> 
  custom:container-muxer-webm: aa71ff27fc2769a1b78a27578f13a17b -> 
  custom:container-demuxer-webm: 4f35f7cbe854078d1ac9338744f61a02 -> 
  custom:container-demuxer-ogg: 62fdf1f143b41e24485cea50d1cbac27 -> 
  custom:video-encoder-webm-vp8: eb34c28f22e8b96e1ab97ce403110664 -> 
  custom:video-decoder-webm-vp8: 9c59270c3fd7afecdb556c50c9e8de78 -> 
  custom:graphics/normal-map-encoding: 01000000000000000000000000000000 -> 02000000000000000000000000000000
  custom:audio-decoder-ogg-vorbis: bf7c407c2cedff20999df2af8eb42d56 -> 
  custom:audio-encoder-webm-vorbis: bf7c407c2cedff20999df2af8eb42d56 -> 
AssetImportWorkerClient::OnTransportError - code=2 error=End of file
